c:\project\ar\webcam\vc\first\consoleapplication1\consoleapplication1\debug\consoleapplication1.pch
c:\project\ar\webcam\vc\first\consoleapplication1\consoleapplication1\debug\vc120.pdb
c:\project\ar\webcam\vc\first\consoleapplication1\consoleapplication1\debug\stdafx.obj
c:\project\ar\webcam\vc\first\consoleapplication1\consoleapplication1\debug\myform.obj
c:\project\ar\webcam\vc\first\consoleapplication1\consoleapplication1\debug\consoleapplication1.obj
c:\project\ar\webcam\vc\first\consoleapplication1\consoleapplication1\debug\assemblyinfo.obj
c:\project\ar\webcam\vc\first\consoleapplication1\consoleapplication1\debug\.netframework,version=v4.5.assemblyattributes.obj
c:\project\ar\webcam\vc\first\consoleapplication1\consoleapplication1\debug\consoleapplication1.myform.resources
c:\project\ar\webcam\vc\first\consoleapplication1\debug\consoleapplication1.exe
c:\project\ar\webcam\vc\first\consoleapplication1\debug\consoleapplication1.pdb
c:\project\ar\webcam\vc\first\consoleapplication1\consoleapplication1\debug\app.res
c:\project\ar\webcam\vc\first\consoleapplication1\consoleapplication1\debug\consoleapplication1.vcxproj.generateresource.cache
c:\project\ar\webcam\vc\first\consoleapplication1\consoleapplication1\debug\consoleapplication1.vcxprojresolveassemblyreference.cache
c:\project\ar\webcam\vc\first\consoleapplication1\consoleapplication1\debug\consolea.29ce58e5.tlog\cl.command.1.tlog
c:\project\ar\webcam\vc\first\consoleapplication1\consoleapplication1\debug\consolea.29ce58e5.tlog\cl.read.1.tlog
c:\project\ar\webcam\vc\first\consoleapplication1\consoleapplication1\debug\consolea.29ce58e5.tlog\cl.write.1.tlog
c:\project\ar\webcam\vc\first\consoleapplication1\consoleapplication1\debug\consolea.29ce58e5.tlog\consoleapplication1.write.1u.tlog
c:\project\ar\webcam\vc\first\consoleapplication1\consoleapplication1\debug\consolea.29ce58e5.tlog\link.command.1.tlog
c:\project\ar\webcam\vc\first\consoleapplication1\consoleapplication1\debug\consolea.29ce58e5.tlog\link.read.1.tlog
c:\project\ar\webcam\vc\first\consoleapplication1\consoleapplication1\debug\consolea.29ce58e5.tlog\link.write.1.tlog
c:\project\ar\webcam\vc\first\consoleapplication1\consoleapplication1\debug\consolea.29ce58e5.tlog\metagen.read.1.tlog
c:\project\ar\webcam\vc\first\consoleapplication1\consoleapplication1\debug\consolea.29ce58e5.tlog\metagen.write.1.tlog
c:\project\ar\webcam\vc\first\consoleapplication1\consoleapplication1\debug\consolea.29ce58e5.tlog\rc.command.1.tlog
c:\project\ar\webcam\vc\first\consoleapplication1\consoleapplication1\debug\consolea.29ce58e5.tlog\rc.read.1.tlog
c:\project\ar\webcam\vc\first\consoleapplication1\consoleapplication1\debug\consolea.29ce58e5.tlog\rc.write.1.tlog
c:\project\ar\webcam\vc\first\consoleapplication1\consoleapplication1\debug\consolea.29ce58e5.tlog\rsaenh.dll.bi
c:\project\ar\webcam\vc\first\consoleapplication1\consoleapplication1\debug\consolea.29ce58e5.tlog\tzres.dll.bi
